<?xml version="1.0" encoding="UTF-8"?>
<!-- Generated by org.testng.reporters.JUnitReportReporter -->
<testsuite hostname="DESKTOP-B3D3UMU" failures="0" tests="2" name="com.amazon.onlineshopping.BooksPageTest" time="22.023" errors="0" timestamp="2020-05-02T14:21:58 BST" skipped="0">
  <testcase classname="com.amazon.onlineshopping.BooksPageTest" name="testBooksPageTitle" time="11.250"/>
  <system-out/>
  <testcase classname="com.amazon.onlineshopping.BooksPageTest" name="testBooksPageSearch" time="10.773"/>
  <system-out/>
</testsuite> <!-- com.amazon.onlineshopping.BooksPageTest -->
