<?xml version="1.0" encoding="UTF-8"?>
<!-- Generated by org.testng.reporters.JUnitReportReporter -->
<testsuite hostname="DESKTOP-B3D3UMU" failures="0" tests="1" name="com.amazon.onlineshopping.Temp" time="14.326" errors="0" timestamp="2020-05-02T10:58:20 BST" skipped="0">
  <testcase classname="com.amazon.onlineshopping.Temp" name="testingEnvi" time="14.326"/>
  <system-out/>
</testsuite> <!-- com.amazon.onlineshopping.Temp -->
