<?xml version="1.0" encoding="UTF-8"?>
<!-- Generated by org.testng.reporters.JUnitReportReporter -->
<testsuite hostname="DESKTOP-B3D3UMU" failures="0" tests="1" name="com.amazon.onlineshopping.HomePage" time="35.775" errors="0" timestamp="2020-05-02T11:17:27 BST" skipped="0">
  <testcase classname="com.amazon.onlineshopping.HomePage" name="basePageNavigation" time="35.775"/>
  <system-out/>
</testsuite> <!-- com.amazon.onlineshopping.HomePage -->
