<?xml version="1.0" encoding="UTF-8"?>
<!-- Generated by org.testng.reporters.JUnitReportReporter -->
<testsuite hostname="DESKTOP-B3D3UMU" failures="0" tests="2" name="com.amazon.onlineshopping.ElectronicsPageTest" time="22.491" errors="0" timestamp="2020-05-02T14:21:58 BST" skipped="0">
  <testcase classname="com.amazon.onlineshopping.ElectronicsPageTest" name="testElectronicsPageTitle" time="10.284"/>
  <system-out/>
  <testcase classname="com.amazon.onlineshopping.ElectronicsPageTest" name="testElectronicsPageSearch" time="12.207"/>
  <system-out/>
</testsuite> <!-- com.amazon.onlineshopping.ElectronicsPageTest -->
