<?xml version="1.0" encoding="UTF-8"?>
<!-- Generated by org.testng.reporters.JUnitReportReporter -->
<testsuite hostname="DESKTOP-B3D3UMU" failures="0" tests="1" name="TestSubtration" time="0.014" errors="0" timestamp="2020-05-01T11:42:58 BST" skipped="0">
  <testcase classname="TestSubtration" name="Sub" time="0.014"/>
  <system-out/>
</testsuite> <!-- TestSubtration -->
