<?xml version="1.0" encoding="UTF-8"?>
<!-- Generated by org.testng.reporters.JUnitReportReporter -->
<testsuite hostname="DESKTOP-B3D3UMU" failures="0" tests="1" name="Calculator" time="55.864" errors="0" timestamp="2020-05-02T16:08:32 BST" skipped="0">
  <testcase classname="Calculator" name="getCapabilities" time="55.864"/>
  <system-out/>
</testsuite> <!-- Calculator -->
