<?xml version="1.0" encoding="UTF-8"?>
<!-- Generated by org.testng.reporters.JUnitReportReporter -->
<testsuite hostname="DESKTOP-B3D3UMU" failures="0" tests="1" name="CalculatorTest" time="18.402" errors="0" timestamp="2020-05-02T16:18:42 BST" skipped="0">
  <testcase classname="CalculatorTest" name="TestAddition" time="18.402"/>
  <system-out/>
</testsuite> <!-- CalculatorTest -->
