<?xml version="1.0" encoding="UTF-8"?>
<!-- Generated by org.testng.reporters.JUnitReportReporter -->
<testsuite hostname="DESKTOP-B3D3UMU" failures="0" tests="1" name="YatraFlights" time="83.782" errors="0" timestamp="2020-05-01T23:04:08 BST" skipped="0">
  <testcase classname="YatraFlights" name="getFlights" time="83.782"/>
  <system-out/>
</testsuite> <!-- YatraFlights -->
